0 info it worked if it ends with ok
1 verbose cli [ '/Users/wgodfrey/.nvm/versions/node/v6.11.2/bin/node',
1 verbose cli   '/Users/wgodfrey/.nvm/versions/node/v6.11.2/bin/npm',
1 verbose cli   'run',
1 verbose cli   'seed' ]
2 info using npm@3.10.10
3 info using node@v6.11.2
4 verbose run-script [ 'preseed', 'seed', 'postseed' ]
5 info lifecycle civ6-drafter@1.0.0~preseed: civ6-drafter@1.0.0
6 silly lifecycle civ6-drafter@1.0.0~preseed: no script for preseed, continuing
7 info lifecycle civ6-drafter@1.0.0~seed: civ6-drafter@1.0.0
8 verbose lifecycle civ6-drafter@1.0.0~seed: unsafe-perm in lifecycle true
9 verbose lifecycle civ6-drafter@1.0.0~seed: PATH: /Users/wgodfrey/.nvm/versions/node/v6.11.2/lib/node_modules/npm/bin/node-gyp-bin:/Users/wgodfrey/Documents/SideProjects/civ6-drafter/node_modules/.bin:/Users/wgodfrey/.nvm/versions/node/v6.11.2/bin:LOCAL_PATH:/Users/wgodfrey/.rbenv/shims:/usr/local/bin:/usr/bin:/bin:/usr/sbin:/sbin
10 verbose lifecycle civ6-drafter@1.0.0~seed: CWD: /Users/wgodfrey/Documents/SideProjects/civ6-drafter
11 silly lifecycle civ6-drafter@1.0.0~seed: Args: [ '-c', 'node database/seed/index.js' ]
12 silly lifecycle civ6-drafter@1.0.0~seed: Returned: code: 1  signal: null
13 info lifecycle civ6-drafter@1.0.0~seed: Failed to exec seed script
14 verbose stack Error: civ6-drafter@1.0.0 seed: `node database/seed/index.js`
14 verbose stack Exit status 1
14 verbose stack     at EventEmitter.<anonymous> (/Users/wgodfrey/.nvm/versions/node/v6.11.2/lib/node_modules/npm/lib/utils/lifecycle.js:255:16)
14 verbose stack     at emitTwo (events.js:106:13)
14 verbose stack     at EventEmitter.emit (events.js:191:7)
14 verbose stack     at ChildProcess.<anonymous> (/Users/wgodfrey/.nvm/versions/node/v6.11.2/lib/node_modules/npm/lib/utils/spawn.js:40:14)
14 verbose stack     at emitTwo (events.js:106:13)
14 verbose stack     at ChildProcess.emit (events.js:191:7)
14 verbose stack     at maybeClose (internal/child_process.js:891:16)
14 verbose stack     at Process.ChildProcess._handle.onexit (internal/child_process.js:226:5)
15 verbose pkgid civ6-drafter@1.0.0
16 verbose cwd /Users/wgodfrey/Documents/SideProjects/civ6-drafter
17 error Darwin 17.7.0
18 error argv "/Users/wgodfrey/.nvm/versions/node/v6.11.2/bin/node" "/Users/wgodfrey/.nvm/versions/node/v6.11.2/bin/npm" "run" "seed"
19 error node v6.11.2
20 error npm  v3.10.10
21 error code ELIFECYCLE
22 error civ6-drafter@1.0.0 seed: `node database/seed/index.js`
22 error Exit status 1
23 error Failed at the civ6-drafter@1.0.0 seed script 'node database/seed/index.js'.
23 error Make sure you have the latest version of node.js and npm installed.
23 error If you do, this is most likely a problem with the civ6-drafter package,
23 error not with npm itself.
23 error Tell the author that this fails on your system:
23 error     node database/seed/index.js
23 error You can get information on how to open an issue for this project with:
23 error     npm bugs civ6-drafter
23 error Or if that isn't available, you can get their info via:
23 error     npm owner ls civ6-drafter
23 error There is likely additional logging output above.
24 verbose exit [ 1, true ]
